<?xml version="1.0" encoding="UTF-8"?>
<testsuite name="com.service.ExternalServicesTest" tests="2" skipped="0" failures="0" errors="0" timestamp="2021-02-25T09:15:18" hostname="MacBook-Pro-Denis.local" time="0.042">
  <properties/>
  <testcase name="TestGoodResponceWhereGifIsRich()" classname="com.service.ExternalServicesTest" time="0.035"/>
  <testcase name="TestGoodResponceWhereGifIsBroke()" classname="com.service.ExternalServicesTest" time="0.006"/>
  <system-out><![CDATA[]]></system-out>
  <system-err><![CDATA[]]></system-err>
</testsuite>
