<?xml version="1.0" encoding="UTF-8"?>
<testsuite name="com.service.MainControllerTest" tests="6" skipped="0" failures="0" errors="0" timestamp="2021-02-25T09:15:19" hostname="MacBook-Pro-Denis.local" time="1.991">
  <properties/>
  <testcase name="testMyServiceGoodRequest()" classname="com.service.MainControllerTest" time="1.624"/>
  <testcase name="testMyServiceError2()" classname="com.service.MainControllerTest" time="0.025"/>
  <testcase name="testMyServiceErrorCurrency()" classname="com.service.MainControllerTest" time="0.013"/>
  <testcase name="testMyServiceError()" classname="com.service.MainControllerTest" time="0.011"/>
  <testcase name="testMyServiceErrorCurrency3()" classname="com.service.MainControllerTest" time="0.305"/>
  <testcase name="contextLoads()" classname="com.service.MainControllerTest" time="0.003"/>
  <system-out><![CDATA[2021-02-25 12:15:18.062  INFO 940 --- [    Test worker] .b.t.c.SpringBootTestContextBootstrapper : Neither @ContextConfiguration nor @ContextHierarchy found for test class [com.service.MainControllerTest], using SpringBootContextLoader
2021-02-25 12:15:18.063  INFO 940 --- [    Test worker] o.s.t.c.support.AbstractContextLoader    : Could not detect default resource locations for test class [com.service.MainControllerTest]: no resource found for suffixes {-context.xml, Context.groovy}.
2021-02-25 12:15:18.064  INFO 940 --- [    Test worker] t.c.s.AnnotationConfigContextLoaderUtils : Could not detect default configuration classes for test class [com.service.MainControllerTest]: MainControllerTest does not declare any static, non-private, non-final, nested classes annotated with @Configuration.
2021-02-25 12:15:18.083  INFO 940 --- [    Test worker] .b.t.c.SpringBootTestContextBootstrapper : Found @SpringBootConfiguration com.service.WebApplication for test class com.service.MainControllerTest
2021-02-25 12:15:18.086  INFO 940 --- [    Test worker] .b.t.c.SpringBootTestContextBootstrapper : Loaded default TestExecutionListener class names from location [META-INF/spring.factories]: [org.springframework.boot.test.autoconfigure.restdocs.RestDocsTestExecutionListener, org.springframework.boot.test.autoconfigure.web.client.MockRestServiceServerResetTestExecutionListener, org.springframework.boot.test.autoconfigure.web.servlet.MockMvcPrintOnlyOnFailureTestExecutionListener, org.springframework.boot.test.autoconfigure.web.servlet.WebDriverTestExecutionListener, org.springframework.boot.test.autoconfigure.webservices.client.MockWebServiceServerTestExecutionListener, org.springframework.boot.test.mock.mockito.MockitoTestExecutionListener, org.springframework.boot.test.mock.mockito.ResetMocksTestExecutionListener, org.springframework.test.context.web.ServletTestExecutionListener, org.springframework.test.context.support.DirtiesContextBeforeModesTestExecutionListener, org.springframework.test.context.event.ApplicationEventsTestExecutionListener, org.springframework.test.context.support.DependencyInjectionTestExecutionListener, org.springframework.test.context.support.DirtiesContextTestExecutionListener, org.springframework.test.context.transaction.TransactionalTestExecutionListener, org.springframework.test.context.jdbc.SqlScriptsTestExecutionListener, org.springframework.test.context.event.EventPublishingTestExecutionListener]
2021-02-25 12:15:18.087  INFO 940 --- [    Test worker] .b.t.c.SpringBootTestContextBootstrapper : Using TestExecutionListeners: [org.springframework.test.context.web.ServletTestExecutionListener@3265dbd8, org.springframework.test.context.support.DirtiesContextBeforeModesTestExecutionListener@365e51cd, org.springframework.test.context.event.ApplicationEventsTestExecutionListener@4b27518b, org.springframework.boot.test.mock.mockito.MockitoTestExecutionListener@2471c2dd, org.springframework.boot.test.autoconfigure.SpringBootDependencyInjectionTestExecutionListener@38567690, org.springframework.test.context.support.DirtiesContextTestExecutionListener@7c42986e, org.springframework.test.context.event.EventPublishingTestExecutionListener@d982564, org.springframework.boot.test.autoconfigure.restdocs.RestDocsTestExecutionListener@27d57920, org.springframework.boot.test.autoconfigure.web.client.MockRestServiceServerResetTestExecutionListener@2cbc79bc, org.springframework.boot.test.autoconfigure.web.servlet.MockMvcPrintOnlyOnFailureTestExecutionListener@44d515ad, org.springframework.boot.test.autoconfigure.web.servlet.WebDriverTestExecutionListener@82abb56, org.springframework.boot.test.autoconfigure.webservices.client.MockWebServiceServerTestExecutionListener@43acf0a, org.springframework.boot.test.mock.mockito.ResetMocksTestExecutionListener@4b8437a8]

  .   ____          _            __ _ _
 /\\ / ___'_ __ _ _(_)_ __  __ _ \ \ \ \
( ( )\___ | '_ | '_| | '_ \/ _` | \ \ \ \
 \\/  ___)| |_)| | | | | || (_| |  ) ) ) )
  '  |____| .__|_| |_|_| |_\__, | / / / /
 =========|_|==============|___/=/_/_/_/
 :: Spring Boot ::                (v2.4.3)

2021-02-25 12:15:18.135  INFO 940 --- [    Test worker] com.service.MainControllerTest           : Starting MainControllerTest using Java 15.0.1 on MacBook-Pro-Denis.local with PID 940 (started by denis in /Users/denis/Denis/Java/ExchangeService)
2021-02-25 12:15:18.135  INFO 940 --- [    Test worker] com.service.MainControllerTest           : No active profile set, falling back to default profiles: default
2021-02-25 12:15:18.417  INFO 940 --- [    Test worker] o.s.cloud.context.scope.GenericScope     : BeanFactory id=b948d247-1fd5-3cb9-9ffb-666eb9440b20
2021-02-25 12:15:18.739  INFO 940 --- [    Test worker] o.s.s.concurrent.ThreadPoolTaskExecutor  : Initializing ExecutorService 'applicationTaskExecutor'
2021-02-25 12:15:18.926  INFO 940 --- [    Test worker] o.s.b.t.m.w.SpringBootMockServletContext : Initializing Spring TestDispatcherServlet ''
2021-02-25 12:15:18.927  INFO 940 --- [    Test worker] o.s.t.web.servlet.TestDispatcherServlet  : Initializing Servlet ''
2021-02-25 12:15:18.929  INFO 940 --- [    Test worker] o.s.t.web.servlet.TestDispatcherServlet  : Completed initialization in 2 ms
2021-02-25 12:15:19.019  INFO 940 --- [    Test worker] com.service.MainControllerTest           : Started MainControllerTest in 0.929 seconds (JVM running for 6.855)

MockHttpServletRequest:
      HTTP Method = GET
      Request URI = /compare/EUR
       Parameters = {}
          Headers = []
             Body = null
    Session Attrs = {}

Handler:
             Type = com.service.controller.MainController
           Method = com.service.controller.MainController#main(String)

Async:
    Async started = false
     Async result = null

Resolved Exception:
             Type = null

ModelAndView:
        View name = null
             View = org.springframework.web.servlet.view.RedirectView: [RedirectView]; URL [https://media3.giphy.com/media/STxXdmHMc8mTaG6lYp/giphy.gif]
            Model = null

FlashMap:
       Attributes = null

MockHttpServletResponse:
           Status = 302
    Error message = null
          Headers = [Content-Language:"en", Location:"https://media3.giphy.com/media/STxXdmHMc8mTaG6lYp/giphy.gif"]
     Content type = null
             Body = 
    Forwarded URL = null
   Redirected URL = https://media3.giphy.com/media/STxXdmHMc8mTaG6lYp/giphy.gif
          Cookies = []

MockHttpServletRequest:
      HTTP Method = GET
      Request URI = /fwefeqf
       Parameters = {}
          Headers = []
             Body = null
    Session Attrs = {}

Handler:
             Type = com.service.controller.MainController
           Method = com.service.controller.MainController#error()

Async:
    Async started = false
     Async result = null

Resolved Exception:
             Type = org.springframework.web.server.ResponseStatusException

ModelAndView:
        View name = null
             View = null
            Model = null

FlashMap:
       Attributes = null

MockHttpServletResponse:
           Status = 400
    Error message = null
          Headers = [Content-Type:"text/plain;charset=UTF-8", Content-Length:"97"]
     Content type = text/plain;charset=UTF-8
             Body = 400 BAD_REQUEST "Неверный запрос к сервису. См. документацию"
    Forwarded URL = null
   Redirected URL = null
          Cookies = []

MockHttpServletRequest:
      HTTP Method = GET
      Request URI = /compare/RUB
       Parameters = {}
          Headers = []
             Body = null
    Session Attrs = {}

Handler:
             Type = com.service.controller.MainController
           Method = com.service.controller.MainController#main(String)

Async:
    Async started = false
     Async result = null

Resolved Exception:
             Type = org.springframework.web.server.ResponseStatusException

ModelAndView:
        View name = null
             View = null
            Model = null

FlashMap:
       Attributes = null

MockHttpServletResponse:
           Status = 400
    Error message = null
          Headers = [Content-Type:"text/plain;charset=UTF-8", Content-Length:"65"]
     Content type = text/plain;charset=UTF-8
             Body = 400 BAD_REQUEST "Сравнение не несет смысла"
    Forwarded URL = null
   Redirected URL = null
          Cookies = []

MockHttpServletRequest:
      HTTP Method = GET
      Request URI = /
       Parameters = {}
          Headers = []
             Body = null
    Session Attrs = {}

Handler:
             Type = com.service.controller.MainController
           Method = com.service.controller.MainController#error()

Async:
    Async started = false
     Async result = null

Resolved Exception:
             Type = org.springframework.web.server.ResponseStatusException

ModelAndView:
        View name = null
             View = null
            Model = null

FlashMap:
       Attributes = null

MockHttpServletResponse:
           Status = 400
    Error message = null
          Headers = [Content-Type:"text/plain;charset=UTF-8", Content-Length:"97"]
     Content type = text/plain;charset=UTF-8
             Body = 400 BAD_REQUEST "Неверный запрос к сервису. См. документацию"
    Forwarded URL = null
   Redirected URL = null
          Cookies = []

MockHttpServletRequest:
      HTTP Method = GET
      Request URI = /compare/EURRRR
       Parameters = {}
          Headers = []
             Body = null
    Session Attrs = {}

Handler:
             Type = com.service.controller.MainController
           Method = com.service.controller.MainController#main(String)

Async:
    Async started = false
     Async result = null

Resolved Exception:
             Type = org.springframework.web.server.ResponseStatusException

ModelAndView:
        View name = null
             View = null
            Model = null

FlashMap:
       Attributes = null

MockHttpServletResponse:
           Status = 400
    Error message = null
          Headers = [Content-Type:"text/plain;charset=UTF-8", Content-Length:"85"]
     Content type = text/plain;charset=UTF-8
             Body = 400 BAD_REQUEST "Необходимо задать правильную валюту"
    Forwarded URL = null
   Redirected URL = null
          Cookies = []
]]></system-out>
  <system-err><![CDATA[]]></system-err>
</testsuite>
