<?xml version="1.0" encoding="UTF-8"?>
<testsuite name="com.service.WebApplicationTest" tests="1" skipped="0" failures="0" errors="0" timestamp="2021-02-22T10:27:14" hostname="MacBook-Pro-Denis.local" time="0.45">
  <properties/>
  <testcase name="contextLoads()" classname="com.service.WebApplicationTest" time="0.45"/>
  <system-out><![CDATA[13:27:11.489 [Test worker] DEBUG org.springframework.test.context.BootstrapUtils - Instantiating CacheAwareContextLoaderDelegate from class [org.springframework.test.context.cache.DefaultCacheAwareContextLoaderDelegate]
13:27:11.506 [Test worker] DEBUG org.springframework.test.context.BootstrapUtils - Instantiating BootstrapContext using constructor [public org.springframework.test.context.support.DefaultBootstrapContext(java.lang.Class,org.springframework.test.context.CacheAwareContextLoaderDelegate)]
13:27:11.548 [Test worker] DEBUG org.springframework.test.context.BootstrapUtils - Instantiating TestContextBootstrapper for test class [com.service.WebApplicationTest] from class [org.springframework.boot.test.context.SpringBootTestContextBootstrapper]
13:27:11.561 [Test worker] INFO org.springframework.boot.test.context.SpringBootTestContextBootstrapper - Neither @ContextConfiguration nor @ContextHierarchy found for test class [com.service.WebApplicationTest], using SpringBootContextLoader
13:27:11.567 [Test worker] DEBUG org.springframework.test.context.support.AbstractContextLoader - Did not detect default resource location for test class [com.service.WebApplicationTest]: class path resource [com/service/WebApplicationTest-context.xml] does not exist
13:27:11.568 [Test worker] DEBUG org.springframework.test.context.support.AbstractContextLoader - Did not detect default resource location for test class [com.service.WebApplicationTest]: class path resource [com/service/WebApplicationTestContext.groovy] does not exist
13:27:11.568 [Test worker] INFO org.springframework.test.context.support.AbstractContextLoader - Could not detect default resource locations for test class [com.service.WebApplicationTest]: no resource found for suffixes {-context.xml, Context.groovy}.
13:27:11.569 [Test worker] INFO org.springframework.test.context.support.AnnotationConfigContextLoaderUtils - Could not detect default configuration classes for test class [com.service.WebApplicationTest]: WebApplicationTest does not declare any static, non-private, non-final, nested classes annotated with @Configuration.
13:27:11.625 [Test worker] DEBUG org.springframework.test.context.support.ActiveProfilesUtils - Could not find an 'annotation declaring class' for annotation type [org.springframework.test.context.ActiveProfiles] and class [com.service.WebApplicationTest]
13:27:11.710 [Test worker] DEBUG org.springframework.context.annotation.ClassPathScanningCandidateComponentProvider - Identified candidate component class: file [/Users/denis/Denis/Java/ExchangeService/build/classes/java/main/com/service/WebApplication.class]
13:27:11.711 [Test worker] INFO org.springframework.boot.test.context.SpringBootTestContextBootstrapper - Found @SpringBootConfiguration com.service.WebApplication for test class com.service.WebApplicationTest
13:27:11.817 [Test worker] DEBUG org.springframework.boot.test.context.SpringBootTestContextBootstrapper - @TestExecutionListeners is not present for class [com.service.WebApplicationTest]: using defaults.
13:27:11.818 [Test worker] INFO org.springframework.boot.test.context.SpringBootTestContextBootstrapper - Loaded default TestExecutionListener class names from location [META-INF/spring.factories]: [org.springframework.boot.test.autoconfigure.restdocs.RestDocsTestExecutionListener, org.springframework.boot.test.autoconfigure.web.client.MockRestServiceServerResetTestExecutionListener, org.springframework.boot.test.autoconfigure.web.servlet.MockMvcPrintOnlyOnFailureTestExecutionListener, org.springframework.boot.test.autoconfigure.web.servlet.WebDriverTestExecutionListener, org.springframework.boot.test.autoconfigure.webservices.client.MockWebServiceServerTestExecutionListener, org.springframework.boot.test.mock.mockito.MockitoTestExecutionListener, org.springframework.boot.test.mock.mockito.ResetMocksTestExecutionListener, org.springframework.test.context.web.ServletTestExecutionListener, org.springframework.test.context.support.DirtiesContextBeforeModesTestExecutionListener, org.springframework.test.context.event.ApplicationEventsTestExecutionListener, org.springframework.test.context.support.DependencyInjectionTestExecutionListener, org.springframework.test.context.support.DirtiesContextTestExecutionListener, org.springframework.test.context.transaction.TransactionalTestExecutionListener, org.springframework.test.context.jdbc.SqlScriptsTestExecutionListener, org.springframework.test.context.event.EventPublishingTestExecutionListener]
13:27:11.829 [Test worker] DEBUG org.springframework.boot.test.context.SpringBootTestContextBootstrapper - Skipping candidate TestExecutionListener [org.springframework.test.context.transaction.TransactionalTestExecutionListener] due to a missing dependency. Specify custom listener classes or make the default listener classes and their required dependencies available. Offending class: [org/springframework/transaction/interceptor/TransactionAttributeSource]
13:27:11.830 [Test worker] DEBUG org.springframework.boot.test.context.SpringBootTestContextBootstrapper - Skipping candidate TestExecutionListener [org.springframework.test.context.jdbc.SqlScriptsTestExecutionListener] due to a missing dependency. Specify custom listener classes or make the default listener classes and their required dependencies available. Offending class: [org/springframework/transaction/interceptor/TransactionAttribute]
13:27:11.831 [Test worker] INFO org.springframework.boot.test.context.SpringBootTestContextBootstrapper - Using TestExecutionListeners: [org.springframework.test.context.web.ServletTestExecutionListener@9856ec7, org.springframework.test.context.support.DirtiesContextBeforeModesTestExecutionListener@4474f1a4, org.springframework.test.context.event.ApplicationEventsTestExecutionListener@7bc76e6, org.springframework.boot.test.mock.mockito.MockitoTestExecutionListener@1f5e4abe, org.springframework.boot.test.autoconfigure.SpringBootDependencyInjectionTestExecutionListener@3d0ffcc4, org.springframework.test.context.support.DirtiesContextTestExecutionListener@5e95d310, org.springframework.test.context.event.EventPublishingTestExecutionListener@3a7a9562, org.springframework.boot.test.autoconfigure.restdocs.RestDocsTestExecutionListener@571c3329, org.springframework.boot.test.autoconfigure.web.client.MockRestServiceServerResetTestExecutionListener@15b71cd2, org.springframework.boot.test.autoconfigure.web.servlet.MockMvcPrintOnlyOnFailureTestExecutionListener@654a5027, org.springframework.boot.test.autoconfigure.web.servlet.WebDriverTestExecutionListener@bf50869, org.springframework.boot.test.autoconfigure.webservices.client.MockWebServiceServerTestExecutionListener@3d46f745, org.springframework.boot.test.mock.mockito.ResetMocksTestExecutionListener@103a2db3]
13:27:11.834 [Test worker] DEBUG org.springframework.test.context.support.AbstractDirtiesContextTestExecutionListener - Before test class: context [DefaultTestContext@12c56bff testClass = WebApplicationTest, testInstance = [null], testMethod = [null], testException = [null], mergedContextConfiguration = [WebMergedContextConfiguration@bb5660e testClass = WebApplicationTest, locations = '{}', classes = '{class com.service.WebApplication}', contextInitializerClasses = '[]', activeProfiles = '{}', propertySourceLocations = '{}', propertySourceProperties = '{org.springframework.boot.test.context.SpringBootTestContextBootstrapper=true}', contextCustomizers = set[org.springframework.boot.test.autoconfigure.actuate.metrics.MetricsExportContextCustomizerFactory$DisableMetricExportContextCustomizer@3c516c2, org.springframework.boot.test.autoconfigure.properties.PropertyMappingContextCustomizer@0, org.springframework.boot.test.autoconfigure.web.servlet.WebDriverContextCustomizerFactory$Customizer@72e994c, org.springframework.boot.test.context.filter.ExcludeFilterContextCustomizer@367c2544, org.springframework.boot.test.json.DuplicateJsonObjectContextCustomizerFactory$DuplicateJsonObjectContextCustomizer@2c2df582, org.springframework.boot.test.mock.mockito.MockitoContextCustomizer@0, org.springframework.boot.test.web.client.TestRestTemplateContextCustomizer@396dfeff, org.springframework.boot.test.context.SpringBootTestArgs@1, org.springframework.boot.test.context.SpringBootTestWebEnvironment@46decea3], resourceBasePath = 'src/main/webapp', contextLoader = 'org.springframework.boot.test.context.SpringBootContextLoader', parent = [null]], attributes = map['org.springframework.test.context.web.ServletTestExecutionListener.activateListener' -> true]], class annotated with @DirtiesContext [false] with mode [null].
13:27:11.881 [Test worker] DEBUG org.springframework.test.context.support.TestPropertySourceUtils - Adding inlined properties to environment: {spring.jmx.enabled=false, org.springframework.boot.test.context.SpringBootTestContextBootstrapper=true}

  .   ____          _            __ _ _
 /\\ / ___'_ __ _ _(_)_ __  __ _ \ \ \ \
( ( )\___ | '_ | '_| | '_ \/ _` | \ \ \ \
 \\/  ___)| |_)| | | | | || (_| |  ) ) ) )
  '  |____| .__|_| |_|_| |_\__, | / / / /
 =========|_|==============|___/=/_/_/_/
 :: Spring Boot ::                (v2.4.3)

2021-02-22 13:27:12.410  INFO 1542 --- [    Test worker] com.service.WebApplicationTest           : Starting WebApplicationTest using Java 15.0.2 on MacBook-Pro-Denis.local with PID 1542 (started by denis in /Users/denis/Denis/Java/ExchangeService)
2021-02-22 13:27:12.412  INFO 1542 --- [    Test worker] com.service.WebApplicationTest           : No active profile set, falling back to default profiles: default
2021-02-22 13:27:13.349  INFO 1542 --- [    Test worker] o.s.cloud.context.scope.GenericScope     : BeanFactory id=bc453c7f-046c-3690-b596-a6e30d81dc24
2021-02-22 13:27:14.074  INFO 1542 --- [    Test worker] o.s.s.concurrent.ThreadPoolTaskExecutor  : Initializing ExecutorService 'applicationTaskExecutor'
2021-02-22 13:27:14.440  INFO 1542 --- [    Test worker] com.service.WebApplicationTest           : Started WebApplicationTest in 2.551 seconds (JVM running for 3.904)
]]></system-out>
  <system-err><![CDATA[]]></system-err>
</testsuite>
